
*** Running vivado
    with args -log design_1_wrapper.vds -m64 -product Vivado -mode batch -messageDb vivado.pb -notrace -source design_1_wrapper.tcl


****** Vivado v2019.1 (64-bit)
  **** SW Build 2552052 on Fri May 24 14:49:42 MDT 2019
  **** IP Build 2548770 on Fri May 24 18:01:18 MDT 2019
    ** Copyright 1986-2019 Xilinx, Inc. All Rights Reserved.

source design_1_wrapper.tcl -notrace
INFO: [IP_Flow 19-234] Refreshing IP repositories
INFO: [IP_Flow 19-1700] Loaded user IP repository 'c:/Users/caraccmv/Desktop/git/EE316P6/IPRepo'.
INFO: [IP_Flow 19-2313] Loaded Vivado IP repository 'C:/Xilinx/Vivado/2019.1/data/ip'.
Command: synth_design -top design_1_wrapper -part xc7z010clg400-1
Starting synth_design
Attempting to get a license for feature 'Synthesis' and/or device 'xc7z010'
INFO: [Common 17-349] Got license for feature 'Synthesis' and/or device 'xc7z010'
INFO: [Device 21-403] Loading part xc7z010clg400-1
INFO: Launching helper process for spawning children vivado processes
INFO: Helper process launched with PID 11124 
---------------------------------------------------------------------------------
Starting RTL Elaboration : Time (s): cpu = 00:00:02 ; elapsed = 00:00:02 . Memory (MB): peak = 941.398 ; gain = 176.293
---------------------------------------------------------------------------------
INFO: [Synth 8-638] synthesizing module 'design_1_wrapper' [C:/Users/caraccmv/Desktop/git/EE316P6/System/project_6b/project_6b.srcs/sources_1/bd/design_1/hdl/design_1_wrapper.vhd:28]
INFO: [Synth 8-3491] module 'design_1' declared at 'C:/Users/caraccmv/Desktop/git/EE316P6/System/project_6b/project_6b.srcs/sources_1/bd/design_1/synth/design_1.vhd:840' bound to instance 'design_1_i' of component 'design_1' [C:/Users/caraccmv/Desktop/git/EE316P6/System/project_6b/project_6b.srcs/sources_1/bd/design_1/hdl/design_1_wrapper.vhd:43]
INFO: [Synth 8-638] synthesizing module 'design_1' [C:/Users/caraccmv/Desktop/git/EE316P6/System/project_6b/project_6b.srcs/sources_1/bd/design_1/synth/design_1.vhd:858]
INFO: [Synth 8-3491] module 'design_1_S_AXI_VGA_BRAM_0_1' declared at 'C:/Users/caraccmv/Desktop/git/EE316P6/System/project_6b/project_6b.runs/synth_1/.Xil/Vivado-11468-UL-22/realtime/design_1_S_AXI_VGA_BRAM_0_1_stub.vhdl:5' bound to instance 'S_AXI_VGA_BRAM_0' of component 'design_1_S_AXI_VGA_BRAM_0_1' [C:/Users/caraccmv/Desktop/git/EE316P6/System/project_6b/project_6b.srcs/sources_1/bd/design_1/synth/design_1.vhd:1062]
INFO: [Synth 8-638] synthesizing module 'design_1_S_AXI_VGA_BRAM_0_1' [C:/Users/caraccmv/Desktop/git/EE316P6/System/project_6b/project_6b.runs/synth_1/.Xil/Vivado-11468-UL-22/realtime/design_1_S_AXI_VGA_BRAM_0_1_stub.vhdl:38]
INFO: [Synth 8-3491] module 'design_1_clk_wiz_0_0' declared at 'C:/Users/caraccmv/Desktop/git/EE316P6/System/project_6b/project_6b.runs/synth_1/.Xil/Vivado-11468-UL-22/realtime/design_1_clk_wiz_0_0_stub.vhdl:5' bound to instance 'clk_wiz_0' of component 'design_1_clk_wiz_0_0' [C:/Users/caraccmv/Desktop/git/EE316P6/System/project_6b/project_6b.srcs/sources_1/bd/design_1/synth/design_1.vhd:1092]
INFO: [Synth 8-638] synthesizing module 'design_1_clk_wiz_0_0' [C:/Users/caraccmv/Desktop/git/EE316P6/System/project_6b/project_6b.runs/synth_1/.Xil/Vivado-11468-UL-22/realtime/design_1_clk_wiz_0_0_stub.vhdl:16]
INFO: [Synth 8-3491] module 'design_1_keyboard_0_1' declared at 'C:/Users/caraccmv/Desktop/git/EE316P6/System/project_6b/project_6b.runs/synth_1/.Xil/Vivado-11468-UL-22/realtime/design_1_keyboard_0_1_stub.vhdl:5' bound to instance 'keyboard_0' of component 'design_1_keyboard_0_1' [C:/Users/caraccmv/Desktop/git/EE316P6/System/project_6b/project_6b.srcs/sources_1/bd/design_1/synth/design_1.vhd:1100]
INFO: [Synth 8-638] synthesizing module 'design_1_keyboard_0_1' [C:/Users/caraccmv/Desktop/git/EE316P6/System/project_6b/project_6b.runs/synth_1/.Xil/Vivado-11468-UL-22/realtime/design_1_keyboard_0_1_stub.vhdl:36]
INFO: [Synth 8-3491] module 'design_1_manager_0_1' declared at 'C:/Users/caraccmv/Desktop/git/EE316P6/System/project_6b/project_6b.runs/synth_1/.Xil/Vivado-11468-UL-22/realtime/design_1_manager_0_1_stub.vhdl:5' bound to instance 'manager_0' of component 'design_1_manager_0_1' [C:/Users/caraccmv/Desktop/git/EE316P6/System/project_6b/project_6b.srcs/sources_1/bd/design_1/synth/design_1.vhd:1128]
INFO: [Synth 8-638] synthesizing module 'design_1_manager_0_1' [C:/Users/caraccmv/Desktop/git/EE316P6/System/project_6b/project_6b.runs/synth_1/.Xil/Vivado-11468-UL-22/realtime/design_1_manager_0_1_stub.vhdl:33]
INFO: [Synth 8-638] synthesizing module 'design_1_manager_0_axi_periph_0' [C:/Users/caraccmv/Desktop/git/EE316P6/System/project_6b/project_6b.srcs/sources_1/bd/design_1/synth/design_1.vhd:417]
INFO: [Synth 8-638] synthesizing module 'm00_couplers_imp_1G9GO2Z' [C:/Users/caraccmv/Desktop/git/EE316P6/System/project_6b/project_6b.srcs/sources_1/bd/design_1/synth/design_1.vhd:61]
INFO: [Synth 8-256] done synthesizing module 'm00_couplers_imp_1G9GO2Z' (1#1) [C:/Users/caraccmv/Desktop/git/EE316P6/System/project_6b/project_6b.srcs/sources_1/bd/design_1/synth/design_1.vhd:61]
INFO: [Synth 8-638] synthesizing module 'm01_couplers_imp_N1FGUI' [C:/Users/caraccmv/Desktop/git/EE316P6/System/project_6b/project_6b.srcs/sources_1/bd/design_1/synth/design_1.vhd:172]
INFO: [Synth 8-256] done synthesizing module 'm01_couplers_imp_N1FGUI' (2#1) [C:/Users/caraccmv/Desktop/git/EE316P6/System/project_6b/project_6b.srcs/sources_1/bd/design_1/synth/design_1.vhd:172]
INFO: [Synth 8-638] synthesizing module 's00_couplers_imp_J965K9' [C:/Users/caraccmv/Desktop/git/EE316P6/System/project_6b/project_6b.srcs/sources_1/bd/design_1/synth/design_1.vhd:283]
INFO: [Synth 8-256] done synthesizing module 's00_couplers_imp_J965K9' (3#1) [C:/Users/caraccmv/Desktop/git/EE316P6/System/project_6b/project_6b.srcs/sources_1/bd/design_1/synth/design_1.vhd:283]
INFO: [Synth 8-3491] module 'design_1_xbar_0' declared at 'C:/Users/caraccmv/Desktop/git/EE316P6/System/project_6b/project_6b.runs/synth_1/.Xil/Vivado-11468-UL-22/realtime/design_1_xbar_0_stub.vhdl:5' bound to instance 'xbar' of component 'design_1_xbar_0' [C:/Users/caraccmv/Desktop/git/EE316P6/System/project_6b/project_6b.srcs/sources_1/bd/design_1/synth/design_1.vhd:773]
INFO: [Synth 8-638] synthesizing module 'design_1_xbar_0' [C:/Users/caraccmv/Desktop/git/EE316P6/System/project_6b/project_6b.runs/synth_1/.Xil/Vivado-11468-UL-22/realtime/design_1_xbar_0_stub.vhdl:51]
INFO: [Synth 8-256] done synthesizing module 'design_1_manager_0_axi_periph_0' (4#1) [C:/Users/caraccmv/Desktop/git/EE316P6/System/project_6b/project_6b.srcs/sources_1/bd/design_1/synth/design_1.vhd:417]
INFO: [Synth 8-3491] module 'design_1_rst_clk_wiz_0_100M_0' declared at 'C:/Users/caraccmv/Desktop/git/EE316P6/System/project_6b/project_6b.runs/synth_1/.Xil/Vivado-11468-UL-22/realtime/design_1_rst_clk_wiz_0_100M_0_stub.vhdl:5' bound to instance 'rst_clk_wiz_0_100M' of component 'design_1_rst_clk_wiz_0_100M_0' [C:/Users/caraccmv/Desktop/git/EE316P6/System/project_6b/project_6b.srcs/sources_1/bd/design_1/synth/design_1.vhd:1221]
INFO: [Synth 8-638] synthesizing module 'design_1_rst_clk_wiz_0_100M_0' [C:/Users/caraccmv/Desktop/git/EE316P6/System/project_6b/project_6b.runs/synth_1/.Xil/Vivado-11468-UL-22/realtime/design_1_rst_clk_wiz_0_100M_0_stub.vhdl:21]
INFO: [Synth 8-256] done synthesizing module 'design_1' (5#1) [C:/Users/caraccmv/Desktop/git/EE316P6/System/project_6b/project_6b.srcs/sources_1/bd/design_1/synth/design_1.vhd:858]
INFO: [Synth 8-256] done synthesizing module 'design_1_wrapper' (6#1) [C:/Users/caraccmv/Desktop/git/EE316P6/System/project_6b/project_6b.srcs/sources_1/bd/design_1/hdl/design_1_wrapper.vhd:28]
WARNING: [Synth 8-3331] design s00_couplers_imp_J965K9 has unconnected port M_ACLK
WARNING: [Synth 8-3331] design s00_couplers_imp_J965K9 has unconnected port M_ARESETN
WARNING: [Synth 8-3331] design s00_couplers_imp_J965K9 has unconnected port S_ACLK
WARNING: [Synth 8-3331] design s00_couplers_imp_J965K9 has unconnected port S_ARESETN
WARNING: [Synth 8-3331] design m01_couplers_imp_N1FGUI has unconnected port M_ACLK
WARNING: [Synth 8-3331] design m01_couplers_imp_N1FGUI has unconnected port M_ARESETN
WARNING: [Synth 8-3331] design m01_couplers_imp_N1FGUI has unconnected port S_ACLK
WARNING: [Synth 8-3331] design m01_couplers_imp_N1FGUI has unconnected port S_ARESETN
WARNING: [Synth 8-3331] design m00_couplers_imp_1G9GO2Z has unconnected port M_ACLK
WARNING: [Synth 8-3331] design m00_couplers_imp_1G9GO2Z has unconnected port M_ARESETN
WARNING: [Synth 8-3331] design m00_couplers_imp_1G9GO2Z has unconnected port S_ACLK
WARNING: [Synth 8-3331] design m00_couplers_imp_1G9GO2Z has unconnected port S_ARESETN
WARNING: [Synth 8-3331] design design_1_manager_0_axi_periph_0 has unconnected port M00_ACLK
WARNING: [Synth 8-3331] design design_1_manager_0_axi_periph_0 has unconnected port M00_ARESETN
WARNING: [Synth 8-3331] design design_1_manager_0_axi_periph_0 has unconnected port M01_ACLK
WARNING: [Synth 8-3331] design design_1_manager_0_axi_periph_0 has unconnected port M01_ARESETN
WARNING: [Synth 8-3331] design design_1_manager_0_axi_periph_0 has unconnected port S00_ACLK
WARNING: [Synth 8-3331] design design_1_manager_0_axi_periph_0 has unconnected port S00_ARESETN
---------------------------------------------------------------------------------
Finished RTL Elaboration : Time (s): cpu = 00:00:03 ; elapsed = 00:00:03 . Memory (MB): peak = 1009.281 ; gain = 244.176
---------------------------------------------------------------------------------

Report Check Netlist: 
+------+------------------+-------+---------+-------+------------------+
|      |Item              |Errors |Warnings |Status |Description       |
+------+------------------+-------+---------+-------+------------------+
|1     |multi_driven_nets |      0|        0|Passed |Multi driven nets |
+------+------------------+-------+---------+-------+------------------+
---------------------------------------------------------------------------------
Start Handling Custom Attributes
---------------------------------------------------------------------------------
---------------------------------------------------------------------------------
Finished Handling Custom Attributes : Time (s): cpu = 00:00:03 ; elapsed = 00:00:04 . Memory (MB): peak = 1009.281 ; gain = 244.176
---------------------------------------------------------------------------------
---------------------------------------------------------------------------------
Finished RTL Optimization Phase 1 : Time (s): cpu = 00:00:03 ; elapsed = 00:00:04 . Memory (MB): peak = 1009.281 ; gain = 244.176
---------------------------------------------------------------------------------
INFO: [Project 1-570] Preparing netlist for logic optimization

Processing XDC Constraints
Initializing timing engine
Parsing XDC File [c:/Users/caraccmv/Desktop/git/EE316P6/System/project_6b/project_6b.srcs/sources_1/bd/design_1/ip/design_1_xbar_0/design_1_xbar_0/design_1_xbar_0_in_context.xdc] for cell 'design_1_i/manager_0_axi_periph/xbar'
Finished Parsing XDC File [c:/Users/caraccmv/Desktop/git/EE316P6/System/project_6b/project_6b.srcs/sources_1/bd/design_1/ip/design_1_xbar_0/design_1_xbar_0/design_1_xbar_0_in_context.xdc] for cell 'design_1_i/manager_0_axi_periph/xbar'
Parsing XDC File [c:/Users/caraccmv/Desktop/git/EE316P6/System/project_6b/project_6b.srcs/sources_1/bd/design_1/ip/design_1_clk_wiz_0_0/design_1_clk_wiz_0_0/design_1_clk_wiz_0_0_in_context.xdc] for cell 'design_1_i/clk_wiz_0'
Finished Parsing XDC File [c:/Users/caraccmv/Desktop/git/EE316P6/System/project_6b/project_6b.srcs/sources_1/bd/design_1/ip/design_1_clk_wiz_0_0/design_1_clk_wiz_0_0/design_1_clk_wiz_0_0_in_context.xdc] for cell 'design_1_i/clk_wiz_0'
Parsing XDC File [c:/Users/caraccmv/Desktop/git/EE316P6/System/project_6b/project_6b.srcs/sources_1/bd/design_1/ip/design_1_rst_clk_wiz_0_100M_0/design_1_rst_clk_wiz_0_100M_0/design_1_rst_clk_wiz_0_100M_0_in_context.xdc] for cell 'design_1_i/rst_clk_wiz_0_100M'
Finished Parsing XDC File [c:/Users/caraccmv/Desktop/git/EE316P6/System/project_6b/project_6b.srcs/sources_1/bd/design_1/ip/design_1_rst_clk_wiz_0_100M_0/design_1_rst_clk_wiz_0_100M_0/design_1_rst_clk_wiz_0_100M_0_in_context.xdc] for cell 'design_1_i/rst_clk_wiz_0_100M'
Parsing XDC File [c:/Users/caraccmv/Desktop/git/EE316P6/System/project_6b/project_6b.srcs/sources_1/bd/design_1/ip/design_1_manager_0_1/design_1_manager_0_1/design_1_manager_0_1_in_context.xdc] for cell 'design_1_i/manager_0'
Finished Parsing XDC File [c:/Users/caraccmv/Desktop/git/EE316P6/System/project_6b/project_6b.srcs/sources_1/bd/design_1/ip/design_1_manager_0_1/design_1_manager_0_1/design_1_manager_0_1_in_context.xdc] for cell 'design_1_i/manager_0'
Parsing XDC File [c:/Users/caraccmv/Desktop/git/EE316P6/System/project_6b/project_6b.srcs/sources_1/bd/design_1/ip/design_1_keyboard_0_1/design_1_keyboard_0_1/design_1_keyboard_0_1_in_context.xdc] for cell 'design_1_i/keyboard_0'
Finished Parsing XDC File [c:/Users/caraccmv/Desktop/git/EE316P6/System/project_6b/project_6b.srcs/sources_1/bd/design_1/ip/design_1_keyboard_0_1/design_1_keyboard_0_1/design_1_keyboard_0_1_in_context.xdc] for cell 'design_1_i/keyboard_0'
Parsing XDC File [c:/Users/caraccmv/Desktop/git/EE316P6/System/project_6b/project_6b.srcs/sources_1/bd/design_1/ip/design_1_S_AXI_VGA_BRAM_0_1/design_1_S_AXI_VGA_BRAM_0_1/design_1_S_AXI_VGA_BRAM_0_1_in_context.xdc] for cell 'design_1_i/S_AXI_VGA_BRAM_0'
Finished Parsing XDC File [c:/Users/caraccmv/Desktop/git/EE316P6/System/project_6b/project_6b.srcs/sources_1/bd/design_1/ip/design_1_S_AXI_VGA_BRAM_0_1/design_1_S_AXI_VGA_BRAM_0_1/design_1_S_AXI_VGA_BRAM_0_1_in_context.xdc] for cell 'design_1_i/S_AXI_VGA_BRAM_0'
Parsing XDC File [C:/Users/caraccmv/Desktop/git/EE316P6/System/project_6b/Cora-Z7-10-Master.xdc]
Finished Parsing XDC File [C:/Users/caraccmv/Desktop/git/EE316P6/System/project_6b/Cora-Z7-10-Master.xdc]
INFO: [Project 1-236] Implementation specific constraints were found while reading constraint file [C:/Users/caraccmv/Desktop/git/EE316P6/System/project_6b/Cora-Z7-10-Master.xdc]. These constraints will be ignored for synthesis but will be used in implementation. Impacted constraints are listed in the file [.Xil/design_1_wrapper_propImpl.xdc].
Resolution: To avoid this warning, move constraints listed in [.Xil/design_1_wrapper_propImpl.xdc] to another XDC file and exclude this new file from synthesis with the used_in_synthesis property (File Properties dialog in GUI) and re-run elaboration/synthesis.
Parsing XDC File [C:/Users/caraccmv/Desktop/git/EE316P6/System/project_6b/project_6b.runs/synth_1/dont_touch.xdc]
Finished Parsing XDC File [C:/Users/caraccmv/Desktop/git/EE316P6/System/project_6b/project_6b.runs/synth_1/dont_touch.xdc]
Completed Processing XDC Constraints

Netlist sorting complete. Time (s): cpu = 00:00:00 ; elapsed = 00:00:00 . Memory (MB): peak = 1075.660 ; gain = 0.000
INFO: [Project 1-111] Unisim Transformation Summary:
No Unisim elements were transformed.

Constraint Validation Runtime : Time (s): cpu = 00:00:00 ; elapsed = 00:00:00.003 . Memory (MB): peak = 1075.660 ; gain = 0.000
---------------------------------------------------------------------------------
Finished Constraint Validation : Time (s): cpu = 00:00:07 ; elapsed = 00:00:08 . Memory (MB): peak = 1075.660 ; gain = 310.555
---------------------------------------------------------------------------------
---------------------------------------------------------------------------------
Start Loading Part and Timing Information
---------------------------------------------------------------------------------
Loading part: xc7z010clg400-1
---------------------------------------------------------------------------------
Finished Loading Part and Timing Information : Time (s): cpu = 00:00:07 ; elapsed = 00:00:08 . Memory (MB): peak = 1075.660 ; gain = 310.555
---------------------------------------------------------------------------------
---------------------------------------------------------------------------------
Start Applying 'set_property' XDC Constraints
---------------------------------------------------------------------------------
Applied set_property IO_BUFFER_TYPE = NONE for sys_clock. (constraint file  c:/Users/caraccmv/Desktop/git/EE316P6/System/project_6b/project_6b.srcs/sources_1/bd/design_1/ip/design_1_clk_wiz_0_0/design_1_clk_wiz_0_0/design_1_clk_wiz_0_0_in_context.xdc, line 5).
Applied set_property CLOCK_BUFFER_TYPE = NONE for sys_clock. (constraint file  c:/Users/caraccmv/Desktop/git/EE316P6/System/project_6b/project_6b.srcs/sources_1/bd/design_1/ip/design_1_clk_wiz_0_0/design_1_clk_wiz_0_0/design_1_clk_wiz_0_0_in_context.xdc, line 6).
Applied set_property DONT_TOUCH = true for design_1_i. (constraint file  auto generated constraint, line ).
Applied set_property DONT_TOUCH = true for design_1_i/manager_0_axi_periph/xbar. (constraint file  auto generated constraint, line ).
Applied set_property DONT_TOUCH = true for design_1_i/manager_0_axi_periph. (constraint file  auto generated constraint, line ).
Applied set_property DONT_TOUCH = true for design_1_i/clk_wiz_0. (constraint file  auto generated constraint, line ).
Applied set_property DONT_TOUCH = true for design_1_i/rst_clk_wiz_0_100M. (constraint file  auto generated constraint, line ).
Applied set_property DONT_TOUCH = true for design_1_i/manager_0. (constraint file  auto generated constraint, line ).
Applied set_property DONT_TOUCH = true for design_1_i/keyboard_0. (constraint file  auto generated constraint, line ).
Applied set_property DONT_TOUCH = true for design_1_i/S_AXI_VGA_BRAM_0. (constraint file  auto generated constraint, line ).
---------------------------------------------------------------------------------
Finished applying 'set_property' XDC Constraints : Time (s): cpu = 00:00:07 ; elapsed = 00:00:08 . Memory (MB): peak = 1075.660 ; gain = 310.555
---------------------------------------------------------------------------------
---------------------------------------------------------------------------------
Finished RTL Optimization Phase 2 : Time (s): cpu = 00:00:07 ; elapsed = 00:00:08 . Memory (MB): peak = 1075.660 ; gain = 310.555
---------------------------------------------------------------------------------

Report RTL Partitions: 
+-+--------------+------------+----------+
| |RTL Partition |Replication |Instances |
+-+--------------+------------+----------+
+-+--------------+------------+----------+
---------------------------------------------------------------------------------
Start RTL Component Statistics 
---------------------------------------------------------------------------------
Detailed RTL Component Info : 
---------------------------------------------------------------------------------
Finished RTL Component Statistics 
---------------------------------------------------------------------------------
---------------------------------------------------------------------------------
Start RTL Hierarchical Component Statistics 
---------------------------------------------------------------------------------
Hierarchical RTL Component report 
---------------------------------------------------------------------------------
Finished RTL Hierarchical Component Statistics
---------------------------------------------------------------------------------
---------------------------------------------------------------------------------
Start Part Resource Summary
---------------------------------------------------------------------------------
Part Resources:
DSPs: 80 (col length:40)
BRAMs: 120 (col length: RAMB18 40 RAMB36 20)
---------------------------------------------------------------------------------
Finished Part Resource Summary
---------------------------------------------------------------------------------
---------------------------------------------------------------------------------
Start Cross Boundary and Area Optimization
---------------------------------------------------------------------------------
Warning: Parallel synthesis criteria is not met 
WARNING: [Synth 8-3331] design design_1_manager_0_axi_periph_0 has unconnected port M00_ACLK
WARNING: [Synth 8-3331] design design_1_manager_0_axi_periph_0 has unconnected port M00_ARESETN
WARNING: [Synth 8-3331] design design_1_manager_0_axi_periph_0 has unconnected port M01_ACLK
WARNING: [Synth 8-3331] design design_1_manager_0_axi_periph_0 has unconnected port M01_ARESETN
WARNING: [Synth 8-3331] design design_1_manager_0_axi_periph_0 has unconnected port S00_ACLK
WARNING: [Synth 8-3331] design design_1_manager_0_axi_periph_0 has unconnected port S00_ARESETN
---------------------------------------------------------------------------------
Finished Cross Boundary and Area Optimization : Time (s): cpu = 00:00:08 ; elapsed = 00:00:09 . Memory (MB): peak = 1075.660 ; gain = 310.555
---------------------------------------------------------------------------------

Report RTL Partitions: 
+-+--------------+------------+----------+
| |RTL Partition |Replication |Instances |
+-+--------------+------------+----------+
+-+--------------+------------+----------+
---------------------------------------------------------------------------------
Start Applying XDC Timing Constraints
---------------------------------------------------------------------------------
INFO: [Synth 8-5578] Moved timing constraint from pin 'design_1_i/clk_wiz_0/clk_out1' to pin 'design_1_i/clk_wiz_0/bbstub_clk_out1/O'
INFO: [Synth 8-5578] Moved timing constraint from pin 'design_1_i/clk_wiz_0/clk_out2' to pin 'design_1_i/clk_wiz_0/bbstub_clk_out2/O'
INFO: [Synth 8-5578] Moved timing constraint from pin 'design_1_i/clk_wiz_0/clk_out3' to pin 'design_1_i/clk_wiz_0/bbstub_clk_out3/O'
INFO: [Synth 8-5819] Moved 3 constraints on hierarchical pins to their respective driving/loading pins
---------------------------------------------------------------------------------
Finished Applying XDC Timing Constraints : Time (s): cpu = 00:00:14 ; elapsed = 00:00:14 . Memory (MB): peak = 1083.824 ; gain = 318.719
---------------------------------------------------------------------------------
---------------------------------------------------------------------------------
Start Timing Optimization
---------------------------------------------------------------------------------
---------------------------------------------------------------------------------
Finished Timing Optimization : Time (s): cpu = 00:00:14 ; elapsed = 00:00:14 . Memory (MB): peak = 1083.824 ; gain = 318.719
---------------------------------------------------------------------------------

Report RTL Partitions: 
+-+--------------+------------+----------+
| |RTL Partition |Replication |Instances |
+-+--------------+------------+----------+
+-+--------------+------------+----------+
---------------------------------------------------------------------------------
Start Technology Mapping
---------------------------------------------------------------------------------
---------------------------------------------------------------------------------
Finished Technology Mapping : Time (s): cpu = 00:00:14 ; elapsed = 00:00:14 . Memory (MB): peak = 1093.898 ; gain = 328.793
---------------------------------------------------------------------------------

Report RTL Partitions: 
+-+--------------+------------+----------+
| |RTL Partition |Replication |Instances |
+-+--------------+------------+----------+
+-+--------------+------------+----------+
---------------------------------------------------------------------------------
Start IO Insertion
---------------------------------------------------------------------------------
---------------------------------------------------------------------------------
Start Flattening Before IO Insertion
---------------------------------------------------------------------------------
---------------------------------------------------------------------------------
Finished Flattening Before IO Insertion
---------------------------------------------------------------------------------
---------------------------------------------------------------------------------
Start Final Netlist Cleanup
---------------------------------------------------------------------------------
---------------------------------------------------------------------------------
Finished Final Netlist Cleanup
---------------------------------------------------------------------------------
---------------------------------------------------------------------------------
Finished IO Insertion : Time (s): cpu = 00:00:15 ; elapsed = 00:00:16 . Memory (MB): peak = 1109.684 ; gain = 344.578
---------------------------------------------------------------------------------

Report Check Netlist: 
+------+------------------+-------+---------+-------+------------------+
|      |Item              |Errors |Warnings |Status |Description       |
+------+------------------+-------+---------+-------+------------------+
|1     |multi_driven_nets |      0|        0|Passed |Multi driven nets |
+------+------------------+-------+---------+-------+------------------+
---------------------------------------------------------------------------------
Start Renaming Generated Instances
---------------------------------------------------------------------------------
---------------------------------------------------------------------------------
Finished Renaming Generated Instances : Time (s): cpu = 00:00:15 ; elapsed = 00:00:16 . Memory (MB): peak = 1109.684 ; gain = 344.578
---------------------------------------------------------------------------------

Report RTL Partitions: 
+-+--------------+------------+----------+
| |RTL Partition |Replication |Instances |
+-+--------------+------------+----------+
+-+--------------+------------+----------+
---------------------------------------------------------------------------------
Start Rebuilding User Hierarchy
---------------------------------------------------------------------------------
---------------------------------------------------------------------------------
Finished Rebuilding User Hierarchy : Time (s): cpu = 00:00:15 ; elapsed = 00:00:16 . Memory (MB): peak = 1109.684 ; gain = 344.578
---------------------------------------------------------------------------------
---------------------------------------------------------------------------------
Start Renaming Generated Ports
---------------------------------------------------------------------------------
---------------------------------------------------------------------------------
Finished Renaming Generated Ports : Time (s): cpu = 00:00:15 ; elapsed = 00:00:16 . Memory (MB): peak = 1109.684 ; gain = 344.578
---------------------------------------------------------------------------------
---------------------------------------------------------------------------------
Start Handling Custom Attributes
---------------------------------------------------------------------------------
---------------------------------------------------------------------------------
Finished Handling Custom Attributes : Time (s): cpu = 00:00:15 ; elapsed = 00:00:16 . Memory (MB): peak = 1109.684 ; gain = 344.578
---------------------------------------------------------------------------------
---------------------------------------------------------------------------------
Start Renaming Generated Nets
---------------------------------------------------------------------------------
---------------------------------------------------------------------------------
Finished Renaming Generated Nets : Time (s): cpu = 00:00:15 ; elapsed = 00:00:16 . Memory (MB): peak = 1109.684 ; gain = 344.578
---------------------------------------------------------------------------------
---------------------------------------------------------------------------------
Start Writing Synthesis Report
---------------------------------------------------------------------------------

Report BlackBoxes: 
+------+------------------------------+----------+
|      |BlackBox name                 |Instances |
+------+------------------------------+----------+
|1     |design_1_xbar_0               |         1|
|2     |design_1_S_AXI_VGA_BRAM_0_1   |         1|
|3     |design_1_clk_wiz_0_0          |         1|
|4     |design_1_keyboard_0_1         |         1|
|5     |design_1_manager_0_1          |         1|
|6     |design_1_rst_clk_wiz_0_100M_0 |         1|
+------+------------------------------+----------+

Report Cell Usage: 
+------+-------------------------------------+------+
|      |Cell                                 |Count |
+------+-------------------------------------+------+
|1     |design_1_S_AXI_VGA_BRAM_0_1_bbox_0   |     1|
|2     |design_1_clk_wiz_0_0_bbox_1          |     1|
|3     |design_1_keyboard_0_1_bbox_2         |     1|
|4     |design_1_manager_0_1_bbox_3          |     1|
|5     |design_1_rst_clk_wiz_0_100M_0_bbox_5 |     1|
|6     |design_1_xbar_0_bbox_4               |     1|
|7     |IBUF                                 |     3|
|8     |OBUF                                 |    14|
+------+-------------------------------------+------+

Report Instance Areas: 
+------+-------------------------+--------------------------------+------+
|      |Instance                 |Module                          |Cells |
+------+-------------------------+--------------------------------+------+
|1     |top                      |                                |   497|
|2     |  design_1_i             |design_1                        |   480|
|3     |    manager_0_axi_periph |design_1_manager_0_axi_periph_0 |   263|
+------+-------------------------+--------------------------------+------+
---------------------------------------------------------------------------------
Finished Writing Synthesis Report : Time (s): cpu = 00:00:15 ; elapsed = 00:00:16 . Memory (MB): peak = 1109.684 ; gain = 344.578
---------------------------------------------------------------------------------
Synthesis finished with 0 errors, 0 critical warnings and 6 warnings.
Synthesis Optimization Runtime : Time (s): cpu = 00:00:10 ; elapsed = 00:00:14 . Memory (MB): peak = 1109.684 ; gain = 278.199
Synthesis Optimization Complete : Time (s): cpu = 00:00:15 ; elapsed = 00:00:16 . Memory (MB): peak = 1109.684 ; gain = 344.578
INFO: [Project 1-571] Translating synthesized netlist
INFO: [Project 1-570] Preparing netlist for logic optimization
INFO: [Opt 31-138] Pushed 0 inverter(s) to 0 load pin(s).
Netlist sorting complete. Time (s): cpu = 00:00:00 ; elapsed = 00:00:00 . Memory (MB): peak = 1132.355 ; gain = 0.000
INFO: [Project 1-111] Unisim Transformation Summary:
No Unisim elements were transformed.

INFO: [Common 17-83] Releasing license: Synthesis
42 Infos, 24 Warnings, 0 Critical Warnings and 0 Errors encountered.
synth_design completed successfully
synth_design: Time (s): cpu = 00:00:20 ; elapsed = 00:00:21 . Memory (MB): peak = 1132.355 ; gain = 605.621
Netlist sorting complete. Time (s): cpu = 00:00:00 ; elapsed = 00:00:00 . Memory (MB): peak = 1132.355 ; gain = 0.000
WARNING: [Constraints 18-5210] No constraints selected for write.
Resolution: This message can indicate that there are no constraints for the design, or it can indicate that the used_in flags are set such that the constraints are ignored. This later case is used when running synth_design to not write synthesis constraints to the resulting checkpoint. Instead, project constraints are read when the synthesized design is opened.
INFO: [Common 17-1381] The checkpoint 'C:/Users/caraccmv/Desktop/git/EE316P6/System/project_6b/project_6b.runs/synth_1/design_1_wrapper.dcp' has been generated.
INFO: [runtcl-4] Executing : report_utilization -file design_1_wrapper_utilization_synth.rpt -pb design_1_wrapper_utilization_synth.pb
INFO: [Common 17-206] Exiting Vivado at Mon Apr 25 14:40:03 2022...
