Copyright 1986-2019 Xilinx, Inc. All Rights Reserved.
------------------------------------------------------------------------------------
| Tool Version : Vivado v.2019.1 (win64) Build 2552052 Fri May 24 14:49:42 MDT 2019
| Date         : Mon Apr 25 14:37:14 2022
| Host         : UL-22 running 64-bit major release  (build 9200)
| Command      : upgrade_ip
| Device       : xc7z010clg400-1
------------------------------------------------------------------------------------

Upgrade Log for IP 'design_1_keyboard_0_1'

1. Summary
----------

SUCCESS in the upgrade of design_1_keyboard_0_1 (clarkson.edu:user:keyboard:1.0) from (Rev. 3) to (Rev. 4)






Copyright 1986-2019 Xilinx, Inc. All Rights Reserved.
------------------------------------------------------------------------------------
| Tool Version : Vivado v.2019.1 (win64) Build 2552052 Fri May 24 14:49:42 MDT 2019
| Date         : Mon Apr 25 14:26:26 2022
| Host         : UL-22 running 64-bit major release  (build 9200)
| Command      : upgrade_ip
| Device       : xc7z010clg400-1
------------------------------------------------------------------------------------

Upgrade Log for IP 'design_1_S_AXI_VGA_BRAM_0_1'

1. Summary
----------

SUCCESS in the conversion of design_1_S_AXI_VGA_BRAM_0_1 (clarkson.edu:user:S_AXI_VGA_BRAM:1.1 (Rev. 2)) to Vivado generation flows.






Copyright 1986-2019 Xilinx, Inc. All Rights Reserved.
------------------------------------------------------------------------------------
| Tool Version : Vivado v.2019.1 (win64) Build 2552052 Fri May 24 14:49:42 MDT 2019
| Date         : Mon Apr 25 14:25:17 2022
| Host         : UL-22 running 64-bit major release  (build 9200)
| Command      : upgrade_ip
| Device       : xc7z010clg400-1
------------------------------------------------------------------------------------

Upgrade Log for IP 'design_1_keyboard_0_1'

1. Summary
----------

SUCCESS in the upgrade of design_1_keyboard_0_1 (clarkson.edu:user:keyboard:1.0) from (Rev. 2) to (Rev. 3)






Copyright 1986-2019 Xilinx, Inc. All Rights Reserved.
------------------------------------------------------------------------------------
| Tool Version : Vivado v.2019.1 (win64) Build 2552052 Fri May 24 14:49:42 MDT 2019
| Date         : Mon Apr 25 14:25:17 2022
| Host         : UL-22 running 64-bit major release  (build 9200)
| Command      : upgrade_ip
| Device       : xc7z010clg400-1
------------------------------------------------------------------------------------

Upgrade Log for IP 'design_1_S_AXI_VGA_BRAM_0_1'

1. Summary
----------

SUCCESS in the upgrade of design_1_S_AXI_VGA_BRAM_0_1 (clarkson.edu:user:S_AXI_VGA_BRAM:1.1) from (Rev. 1) to (Rev. 2)






Copyright 1986-2019 Xilinx, Inc. All Rights Reserved.
------------------------------------------------------------------------------------
| Tool Version : Vivado v.2019.1 (win64) Build 2552052 Fri May 24 14:49:42 MDT 2019
| Date         : Mon Apr 25 14:22:18 2022
| Host         : UL-22 running 64-bit major release  (build 9200)
| Command      : upgrade_ip
| Device       : xc7z010clg400-1
------------------------------------------------------------------------------------

Upgrade Log for IP 'design_1_manager_0_1'

1. Summary
----------

CAUTION (success, with warnings) in the upgrade of design_1_manager_0_1 (clarkson.edu:user:manager:1.0) from (Rev. 3) to (Rev. 4)

After upgrade, an IP may have parameter differences compared to the original customization. Please review the parameters within the IP customization GUI to ensure proper functionality.

2. Customization warnings
-------------------------

Parameter 'C_M00_AXI_TARGET_SLAVE_BASE_ADDR' is no longer present on the upgraded IP 'design_1_manager_0_1', and cannot be set to '0x40000000'


3. Debug Commands
-----------------

  The following debug information can be passed to Vivado as Tcl commands,
in order to validate or debug the output of the upgrade flow.
  You may consult any warnings from within this upgrade, and alter or remove
the configuration parameter(s) which caused the warning; then execute the Tcl
commands, and use the IP Customization GUI to verify the IP configuration.

create_ip -vlnv clarkson.edu:user:manager:1.0 -user_name design_1_manager_0_1
set_property -dict "\
  CONFIG.C_M00_AXI_ADDR_WIDTH {32} \
  CONFIG.C_M00_AXI_DATA_WIDTH {32} \
  CONFIG.C_M00_AXI_START_DATA_VALUE {0xAA000000} \
  CONFIG.C_M00_AXI_TRANSACTIONS_NUM {4} \
  CONFIG.Component_Name {design_1_manager_0_1} \
  CONFIG.M00_AXI.ADDR_WIDTH {32} \
  CONFIG.M00_AXI.ARUSER_WIDTH {0} \
  CONFIG.M00_AXI.AWUSER_WIDTH {0} \
  CONFIG.M00_AXI.BUSER_WIDTH {0} \
  CONFIG.M00_AXI.CLK_DOMAIN {/clk_wiz_0_clk_out1} \
  CONFIG.M00_AXI.DATA_WIDTH {32} \
  CONFIG.M00_AXI.FREQ_HZ {100000000} \
  CONFIG.M00_AXI.HAS_BRESP {1} \
  CONFIG.M00_AXI.HAS_BURST {0} \
  CONFIG.M00_AXI.HAS_CACHE {0} \
  CONFIG.M00_AXI.HAS_LOCK {0} \
  CONFIG.M00_AXI.HAS_PROT {1} \
  CONFIG.M00_AXI.HAS_QOS {0} \
  CONFIG.M00_AXI.HAS_REGION {0} \
  CONFIG.M00_AXI.HAS_RRESP {1} \
  CONFIG.M00_AXI.HAS_WSTRB {1} \
  CONFIG.M00_AXI.ID_WIDTH {0} \
  CONFIG.M00_AXI.INSERT_VIP {0} \
  CONFIG.M00_AXI.MAX_BURST_LENGTH {1} \
  CONFIG.M00_AXI.NUM_READ_OUTSTANDING {1} \
  CONFIG.M00_AXI.NUM_READ_THREADS {1} \
  CONFIG.M00_AXI.NUM_WRITE_OUTSTANDING {1} \
  CONFIG.M00_AXI.NUM_WRITE_THREADS {1} \
  CONFIG.M00_AXI.PHASE {0.0} \
  CONFIG.M00_AXI.PROTOCOL {AXI4LITE} \
  CONFIG.M00_AXI.READ_WRITE_MODE {READ_WRITE} \
  CONFIG.M00_AXI.RUSER_BITS_PER_BYTE {0} \
  CONFIG.M00_AXI.RUSER_WIDTH {0} \
  CONFIG.M00_AXI.SUPPORTS_NARROW_BURST {0} \
  CONFIG.M00_AXI.WIZ_DATA_WIDTH {32} \
  CONFIG.M00_AXI.WUSER_BITS_PER_BYTE {0} \
  CONFIG.M00_AXI.WUSER_WIDTH {0} \
  CONFIG.M00_AXI_CLK.ASSOCIATED_BUSIF {M00_AXI} \
  CONFIG.M00_AXI_CLK.ASSOCIATED_RESET {m00_axi_aresetn} \
  CONFIG.M00_AXI_CLK.CLK_DOMAIN {/clk_wiz_0_clk_out1} \
  CONFIG.M00_AXI_CLK.FREQ_HZ {100000000} \
  CONFIG.M00_AXI_CLK.INSERT_VIP {0} \
  CONFIG.M00_AXI_CLK.PHASE {0.0} \
  CONFIG.M00_AXI_RST.INSERT_VIP {0} \
  CONFIG.M00_AXI_RST.POLARITY {ACTIVE_LOW} " [get_ips design_1_manager_0_1]







Copyright 1986-2019 Xilinx, Inc. All Rights Reserved.
------------------------------------------------------------------------------------
| Tool Version : Vivado v.2019.1 (win64) Build 2552052 Fri May 24 14:49:42 MDT 2019
| Date         : Thu Apr 21 16:03:30 2022
| Host         : UL-21 running 64-bit major release  (build 9200)
| Command      : upgrade_ip
| Device       : xc7z010clg400-1
------------------------------------------------------------------------------------

Upgrade Log for IP 'design_1_S_AXI_VGA_BRAM_0_0'

1. Summary
----------

SUCCESS in the upgrade of design_1_S_AXI_VGA_BRAM_0_0 from clarkson.edu:user:S_AXI_VGA_BRAM:1.0 (Rev. 4) to clarkson.edu:user:S_AXI_VGA_BRAM:1.1 (Rev. 1)






Copyright 1986-2019 Xilinx, Inc. All Rights Reserved.
------------------------------------------------------------------------------------
| Tool Version : Vivado v.2019.1 (win64) Build 2552052 Fri May 24 14:49:42 MDT 2019
| Date         : Thu Apr 21 15:57:05 2022
| Host         : UL-21 running 64-bit major release  (build 9200)
| Command      : upgrade_ip
| Device       : xc7z010clg400-1
------------------------------------------------------------------------------------

Upgrade Log for IP 'design_1_S_AXI_VGA_BRAM_0_0'

1. Summary
----------

SUCCESS in the upgrade of design_1_S_AXI_VGA_BRAM_0_0 (clarkson.edu:user:S_AXI_VGA_BRAM:1.0) from (Rev. 3) to (Rev. 4)






Copyright 1986-2019 Xilinx, Inc. All Rights Reserved.
------------------------------------------------------------------------------------
| Tool Version : Vivado v.2019.1 (win64) Build 2552052 Fri May 24 14:49:42 MDT 2019
| Date         : Thu Apr 21 15:46:41 2022
| Host         : UL-21 running 64-bit major release  (build 9200)
| Command      : upgrade_ip
| Device       : xc7z010clg400-1
------------------------------------------------------------------------------------

Upgrade Log for IP 'design_1_S_AXI_VGA_BRAM_0_0'

1. Summary
----------

SUCCESS in the conversion of design_1_S_AXI_VGA_BRAM_0_0 (clarkson.edu:user:S_AXI_VGA_BRAM:1.0 (Rev. 3)) to Vivado generation flows.






Copyright 1986-2019 Xilinx, Inc. All Rights Reserved.
------------------------------------------------------------------------------------
| Tool Version : Vivado v.2019.1 (win64) Build 2552052 Fri May 24 14:49:42 MDT 2019
| Date         : Thu Apr 21 15:42:50 2022
| Host         : UL-21 running 64-bit major release  (build 9200)
| Command      : upgrade_ip
| Device       : xc7z010clg400-1
------------------------------------------------------------------------------------

Upgrade Log for IP 'design_1_manager_0_0'

1. Summary
----------

CAUTION (success, with warnings) in the upgrade of design_1_manager_0_0 (clarkson.edu:user:manager:1.0) from (Rev. 2) to (Rev. 3)

After upgrade, an IP may have parameter and port differences compared to the original customization. Please review the parameters within the IP customization GUI to ensure proper functionality. Also, please review the updated IP instantiation template to ensure proper connectivity, and update your design if required.

2. Connection Warnings
----------------------

Detected external port differences while upgrading 'design_1_manager_0_0'. These changes may impact your design.


-Upgrade has removed port 'm00_axi_error'

-Upgrade has removed port 'm00_axi_init_axi_txn'

-Upgrade has removed port 'm00_axi_txn_done'


