#-----------------------------------------------------------
# Vivado v2019.1 (64-bit)
# SW Build 2552052 on Fri May 24 14:49:42 MDT 2019
# IP Build 2548770 on Fri May 24 18:01:18 MDT 2019
# Start of session at: Mon Apr 25 13:58:16 2022
# Process ID: 12544
# Current directory: C:/Users/caraccmv/Desktop/git/EE316P6/System/project_6b
# Command line: vivado.exe -gui_launcher_event rodinguilauncherevent10988 C:\Users\caraccmv\Desktop\git\EE316P6\System\project_6b\project_6b.xpr
# Log file: C:/Users/caraccmv/Desktop/git/EE316P6/System/project_6b/vivado.log
# Journal file: C:/Users/caraccmv/Desktop/git/EE316P6/System/project_6b\vivado.jou
#-----------------------------------------------------------
start_gui
open_project C:/Users/caraccmv/Desktop/git/EE316P6/System/project_6b/project_6b.xpr
INFO: [Project 1-313] Project file moved from 'C:/Users/carusocr/project_6b' since last save.
Scanning sources...
Finished scanning sources
WARNING: [filemgmt 56-2] IP Repository Path: Could not find the directory 'C:/Users/caraccmv/Desktop/git/EE316P6/System/ip_repo/manager_1.0', nor could it be found using path 'C:/Users/carusocr/ip_repo/manager_1.0'.
WARNING: [filemgmt 56-2] IP Repository Path: Could not find the directory 'C:/Users/caraccmv/Desktop/git/EE316P6/System/ip_repo/vga_bram', nor could it be found using path 'C:/Users/carusocr/ip_repo/vga_bram'.
WARNING: [filemgmt 56-2] IP Repository Path: Could not find the directory 'C:/Users/caraccmv/Desktop/git/EE316P6/System/ip_repo/keyboard_1.0', nor could it be found using path 'C:/Users/carusocr/ip_repo/keyboard_1.0'.
INFO: [IP_Flow 19-234] Refreshing IP repositories
WARNING: [IP_Flow 19-2248] Failed to load user IP repository 'c:/Users/caraccmv/Desktop/git/EE316P6/System/ip_repo/manager_1.0'; Can't find the specified path.
If this directory should no longer be in your list of user repositories, go to the IP Settings dialog and remove it.
WARNING: [IP_Flow 19-2248] Failed to load user IP repository 'c:/Users/caraccmv/Desktop/git/EE316P6/System/ip_repo/vga_bram'; Can't find the specified path.
If this directory should no longer be in your list of user repositories, go to the IP Settings dialog and remove it.
WARNING: [IP_Flow 19-2248] Failed to load user IP repository 'c:/Users/caraccmv/Desktop/git/EE316P6/System/ip_repo/keyboard_1.0'; Can't find the specified path.
If this directory should no longer be in your list of user repositories, go to the IP Settings dialog and remove it.
INFO: [IP_Flow 19-2313] Loaded Vivado IP repository 'C:/Xilinx/Vivado/2019.1/data/ip'.
WARNING: [BD 41-1661] One or more IPs have been locked in the design 'design_1.bd'. Please run report_ip_status for more details and recommendations on how to fix this issue.
List of locked IPs:
design_1_manager_0_0
design_1_keyboard_0_0
design_1_S_AXI_VGA_BRAM_0_0

open_project: Time (s): cpu = 00:00:12 ; elapsed = 00:00:09 . Memory (MB): peak = 903.445 ; gain = 269.023
open_bd_design {C:/Users/caraccmv/Desktop/git/EE316P6/System/project_6b/project_6b.srcs/sources_1/bd/design_1/design_1.bd}
Adding component instance block -- clarkson.edu:user:keyboard:1.0 - keyboard_0
Adding component instance block -- xilinx.com:ip:axi_interconnect:2.1 - manager_0_axi_periph
Adding component instance block -- xilinx.com:ip:axi_crossbar:2.1 - xbar
Adding component instance block -- xilinx.com:ip:clk_wiz:6.0 - clk_wiz_0
Adding component instance block -- xilinx.com:ip:proc_sys_reset:5.0 - rst_clk_wiz_0_100M
Adding component instance block -- clarkson.edu:user:manager:1.0 - manager_0
Adding component instance block -- clarkson.edu:user:S_AXI_VGA_BRAM:1.1 - S_AXI_VGA_BRAM_0
WARNING: [BD 41-1731] Type mismatch between connected pins: /clk_wiz_0/clk_out2(clk) and /S_AXI_VGA_BRAM_0/clk_50Mhz(undef)
Successfully read diagram <design_1> from BD file <C:/Users/caraccmv/Desktop/git/EE316P6/System/project_6b/project_6b.srcs/sources_1/bd/design_1/design_1.bd>
open_bd_design: Time (s): cpu = 00:00:06 ; elapsed = 00:00:06 . Memory (MB): peak = 972.461 ; gain = 34.070
update_compile_order -fileset sources_1
validate_bd_design -force
ERROR: [BD 5-336] This command cannot be run, as the BD-design is locked. Locked reason(s):
* Block design contains locked IPs. Please run report_ip_status for more details and recommendations on how to fix this issue. 
List of locked IPs: 
design_1_manager_0_0
design_1_keyboard_0_0
design_1_S_AXI_VGA_BRAM_0_0

ERROR: [Common 17-39] 'validate_bd_design' failed due to earlier errors.
set_property  ip_repo_paths  {c:/Users/caraccmv/Desktop/git/EE316P6/System/ip_repo/manager_1.0 c:/Users/caraccmv/Desktop/git/EE316P6/System/ip_repo/vga_bram} [current_project]
update_ip_catalog
INFO: [IP_Flow 19-234] Refreshing IP repositories
WARNING: [IP_Flow 19-2248] Failed to load user IP repository 'c:/Users/caraccmv/Desktop/git/EE316P6/System/ip_repo/manager_1.0'; Can't find the specified path.
If this directory should no longer be in your list of user repositories, go to the IP Settings dialog and remove it.
WARNING: [IP_Flow 19-2248] Failed to load user IP repository 'c:/Users/caraccmv/Desktop/git/EE316P6/System/ip_repo/vga_bram'; Can't find the specified path.
If this directory should no longer be in your list of user repositories, go to the IP Settings dialog and remove it.
set_property  ip_repo_paths  c:/Users/caraccmv/Desktop/git/EE316P6/System/ip_repo/vga_bram [current_project]
update_ip_catalog
INFO: [IP_Flow 19-234] Refreshing IP repositories
WARNING: [IP_Flow 19-2248] Failed to load user IP repository 'c:/Users/caraccmv/Desktop/git/EE316P6/System/ip_repo/vga_bram'; Can't find the specified path.
If this directory should no longer be in your list of user repositories, go to the IP Settings dialog and remove it.
set_property  ip_repo_paths  {} [current_project]
update_ip_catalog
INFO: [IP_Flow 19-234] Refreshing IP repositories
INFO: [IP_Flow 19-1704] No user IP repositories specified
set_property  ip_repo_paths  C:/Users/caraccmv/Desktop/EE316P6/EE316P6/IPRepo [current_project]
update_ip_catalog
INFO: [IP_Flow 19-234] Refreshing IP repositories
INFO: [IP_Flow 19-1700] Loaded user IP repository 'c:/Users/caraccmv/Desktop/EE316P6/EE316P6/IPRepo'.
validate_bd_design -force
ERROR: [BD 5-336] This command cannot be run, as the BD-design is locked. Locked reason(s):
* Block design contains locked IPs. Please run report_ip_status for more details and recommendations on how to fix this issue. 
List of locked IPs: 
design_1_manager_0_0
design_1_keyboard_0_0
design_1_S_AXI_VGA_BRAM_0_0

ERROR: [Common 17-39] 'validate_bd_design' failed due to earlier errors.
startgroup
create_bd_cell -type ip -vlnv clarkson.edu:user:S_AXI_VGA_BRAM:1.0 S_AXI_VGA_BRAM_1
endgroup
delete_bd_objs [get_bd_intf_nets manager_0_axi_periph_M01_AXI] [get_bd_nets S_AXI_VGA_BRAM_0_h_sync] [get_bd_nets S_AXI_VGA_BRAM_0_v_sync] [get_bd_nets S_AXI_VGA_BRAM_0_vga_r] [get_bd_nets S_AXI_VGA_BRAM_0_vga_g] [get_bd_nets S_AXI_VGA_BRAM_0_vga_b] [get_bd_cells S_AXI_VGA_BRAM_0]
undo
INFO: [Common 17-17] undo 'delete_bd_objs [get_bd_intf_nets manager_0_axi_periph_M01_AXI] [get_bd_nets S_AXI_VGA_BRAM_0_h_sync] [get_bd_nets S_AXI_VGA_BRAM_0_v_sync] [get_bd_nets S_AXI_VGA_BRAM_0_vga_r] [get_bd_nets S_AXI_VGA_BRAM_0_vga_g] [get_bd_nets S_AXI_VGA_BRAM_0_vga_b] [get_bd_cells S_AXI_VGA_BRAM_0]'
WARNING: [BD 41-1731] Type mismatch between connected pins: /clk_wiz_0/clk_out2(clk) and /S_AXI_VGA_BRAM_0/clk_50Mhz(undef)
copy_bd_objs /  [get_bd_cells {S_AXI_VGA_BRAM_1}]
undo
INFO: [Common 17-17] undo 'copy_bd_objs /  [get_bd_cells {S_AXI_VGA_BRAM_1}]'
undo
INFO: [Common 17-17] undo 'endgroup'
INFO: [Common 17-17] undo 'create_bd_cell -type ip -vlnv clarkson.edu:user:S_AXI_VGA_BRAM:1.0 S_AXI_VGA_BRAM_1'
INFO: [Common 17-17] undo 'startgroup'
export_ip_user_files -of_objects  [get_files C:/Users/caraccmv/Desktop/git/EE316P6/System/project_6b/project_6b.srcs/sources_1/bd/design_1/hdl/design_1_wrapper.vhd] -no_script -reset -force -quiet
remove_files  C:/Users/caraccmv/Desktop/git/EE316P6/System/project_6b/project_6b.srcs/sources_1/bd/design_1/hdl/design_1_wrapper.vhd
file delete -force C:/Users/caraccmv/Desktop/git/EE316P6/System/project_6b/project_6b.srcs/sources_1/bd/design_1/hdl/design_1_wrapper.vhd
validate_bd_design
ERROR: [BD 5-336] This command cannot be run, as the BD-design is locked. Locked reason(s):
* Block design contains locked IPs. Please run report_ip_status for more details and recommendations on how to fix this issue. 
List of locked IPs: 
design_1_manager_0_0
design_1_keyboard_0_0
design_1_S_AXI_VGA_BRAM_0_0

ERROR: [Common 17-39] 'validate_bd_design' failed due to earlier errors.
report_ip_status -name ip_status 
set_property LOCK_UPGRADE 1 [get_bd_cells /manager_0]
WARNING: [BD 41-2028] Locking manager to version 1.0. If the latest driver for the IP is not backwards compatible, software flow will assign a generic driver or no driver for this IP
set_property LOCK_UPGRADE 1 [get_bd_cells /S_AXI_VGA_BRAM_0]
WARNING: [BD 41-2028] Locking S_AXI_VGA_BRAM to version 1.1. If the latest driver for the IP is not backwards compatible, software flow will assign a generic driver or no driver for this IP
set_property LOCK_UPGRADE 1 [get_bd_cells /keyboard_0]
WARNING: [BD 41-2028] Locking keyboard to version 1.0. If the latest driver for the IP is not backwards compatible, software flow will assign a generic driver or no driver for this IP
report_ip_status -name ip_status 
report_ip_status -name ip_status 
WARNING: [Vivado 12-3672] The is_managed property should only be queried on the file object representing this IP. Use the get_files command to access file objects.
WARNING: [Vivado 12-3670] The generate_synth_checkpoint property should only be queried on the file object representing this IP. Use the get_files command to access file objects.
INFO: [Vivado 12-5777] IP Instance 'design_1_keyboard_0_0' cannot be used in a module reference: 
report_ip_status -name ip_status 
INFO: [Vivado 12-5777] IP Instance 'design_1_keyboard_0_0' cannot be used in a module reference: 
INFO: [Vivado 12-5777] IP Instance 'design_1_keyboard_0_0' cannot be used in a module reference: 
INFO: [Vivado 12-5777] IP Instance 'design_1_keyboard_0_0' cannot be used in a module reference: 
INFO: [Vivado 12-5777] IP Instance 'design_1_keyboard_0_0' cannot be used in a module reference: 
INFO: [Vivado 12-5777] IP Instance 'design_1_keyboard_0_0' cannot be used in a module reference: 
INFO: [Vivado 12-5777] IP Instance 'design_1_keyboard_0_0' cannot be used in a module reference: 
INFO: [Vivado 12-5777] IP Instance 'design_1_keyboard_0_0' cannot be used in a module reference: 
INFO: [Vivado 12-5777] IP Instance 'design_1_keyboard_0_0' cannot be used in a module reference: 
INFO: [Vivado 12-5777] IP Instance 'design_1_keyboard_0_0' cannot be used in a module reference: 
INFO: [Vivado 12-5777] IP Instance 'design_1_keyboard_0_0' cannot be used in a module reference: 
INFO: [Vivado 12-5777] IP Instance 'design_1_keyboard_0_0' cannot be used in a module reference: 
INFO: [Vivado 12-5777] IP Instance 'design_1_keyboard_0_0' cannot be used in a module reference: 
INFO: [Vivado 12-5777] IP Instance 'design_1_keyboard_0_0' cannot be used in a module reference: 
INFO: [Vivado 12-5777] IP Instance 'design_1_keyboard_0_0' cannot be used in a module reference: 
INFO: [Vivado 12-5777] IP Instance 'design_1_keyboard_0_0' cannot be used in a module reference: 
INFO: [Vivado 12-5777] IP Instance 'design_1_keyboard_0_0' cannot be used in a module reference: 
INFO: [Vivado 12-5777] IP Instance 'design_1_keyboard_0_0' cannot be used in a module reference: 
INFO: [Vivado 12-5777] IP Instance 'design_1_keyboard_0_0' cannot be used in a module reference: 
INFO: [Vivado 12-5777] IP Instance 'design_1_keyboard_0_0' cannot be used in a module reference: 
INFO: [Vivado 12-5777] IP Instance 'design_1_keyboard_0_0' cannot be used in a module reference: 
INFO: [Vivado 12-5777] IP Instance 'design_1_keyboard_0_0' cannot be used in a module reference: 
INFO: [Vivado 12-5777] IP Instance 'design_1_keyboard_0_0' cannot be used in a module reference: 
INFO: [Vivado 12-5777] IP Instance 'design_1_keyboard_0_0' cannot be used in a module reference: 
INFO: [Vivado 12-5777] IP Instance 'design_1_keyboard_0_0' cannot be used in a module reference: 
INFO: [Vivado 12-5777] IP Instance 'design_1_keyboard_0_0' cannot be used in a module reference: 
INFO: [Vivado 12-5777] IP Instance 'design_1_keyboard_0_0' cannot be used in a module reference: 
INFO: [Vivado 12-5777] IP Instance 'design_1_keyboard_0_0' cannot be used in a module reference: 
INFO: [Vivado 12-5777] IP Instance 'design_1_keyboard_0_0' cannot be used in a module reference: 
INFO: [Vivado 12-5777] IP Instance 'design_1_keyboard_0_0' cannot be used in a module reference: 
INFO: [Vivado 12-5777] IP Instance 'design_1_keyboard_0_0' cannot be used in a module reference: 
INFO: [Vivado 12-5777] IP Instance 'design_1_keyboard_0_0' cannot be used in a module reference: 
INFO: [Vivado 12-5777] IP Instance 'design_1_keyboard_0_0' cannot be used in a module reference: 
INFO: [Vivado 12-5777] IP Instance 'design_1_keyboard_0_0' cannot be used in a module reference: 
INFO: [Vivado 12-5777] IP Instance 'design_1_keyboard_0_0' cannot be used in a module reference: 
INFO: [Vivado 12-5777] IP Instance 'design_1_keyboard_0_0' cannot be used in a module reference: 
INFO: [Vivado 12-5777] IP Instance 'design_1_keyboard_0_0' cannot be used in a module reference: 
INFO: [Vivado 12-5777] IP Instance 'design_1_keyboard_0_0' cannot be used in a module reference: 
INFO: [Vivado 12-5777] IP Instance 'design_1_keyboard_0_0' cannot be used in a module reference: 
INFO: [Vivado 12-5777] IP Instance 'design_1_keyboard_0_0' cannot be used in a module reference: 
INFO: [Vivado 12-5777] IP Instance 'design_1_keyboard_0_0' cannot be used in a module reference: 
INFO: [Vivado 12-5777] IP Instance 'design_1_keyboard_0_0' cannot be used in a module reference: 
INFO: [Vivado 12-5777] IP Instance 'design_1_keyboard_0_0' cannot be used in a module reference: 
INFO: [Vivado 12-5777] IP Instance 'design_1_keyboard_0_0' cannot be used in a module reference: 
INFO: [Vivado 12-5777] IP Instance 'design_1_keyboard_0_0' cannot be used in a module reference: 
INFO: [Vivado 12-5777] IP Instance 'design_1_keyboard_0_0' cannot be used in a module reference: 
INFO: [Vivado 12-5777] IP Instance 'design_1_keyboard_0_0' cannot be used in a module reference: 
INFO: [Vivado 12-5777] IP Instance 'design_1_keyboard_0_0' cannot be used in a module reference: 
INFO: [Vivado 12-5777] IP Instance 'design_1_keyboard_0_0' cannot be used in a module reference: 
INFO: [Vivado 12-5777] IP Instance 'design_1_keyboard_0_0' cannot be used in a module reference: 
INFO: [Vivado 12-5777] IP Instance 'design_1_keyboard_0_0' cannot be used in a module reference: 
INFO: [Vivado 12-5777] IP Instance 'design_1_keyboard_0_0' cannot be used in a module reference: 
INFO: [Vivado 12-5777] IP Instance 'design_1_keyboard_0_0' cannot be used in a module reference: 
INFO: [Vivado 12-5777] IP Instance 'design_1_keyboard_0_0' cannot be used in a module reference: 
INFO: [Vivado 12-5777] IP Instance 'design_1_keyboard_0_0' cannot be used in a module reference: 
INFO: [Vivado 12-5777] IP Instance 'design_1_keyboard_0_0' cannot be used in a module reference: 
INFO: [Vivado 12-5777] IP Instance 'design_1_keyboard_0_0' cannot be used in a module reference: 
INFO: [Vivado 12-5777] IP Instance 'design_1_keyboard_0_0' cannot be used in a module reference: 
INFO: [Vivado 12-5777] IP Instance 'design_1_keyboard_0_0' cannot be used in a module reference: 
INFO: [Vivado 12-5777] IP Instance 'design_1_keyboard_0_0' cannot be used in a module reference: 
INFO: [Vivado 12-5777] IP Instance 'design_1_keyboard_0_0' cannot be used in a module reference: 
INFO: [Vivado 12-5777] IP Instance 'design_1_keyboard_0_0' cannot be used in a module reference: 
set_property USER_LOCKED 0 [get_ips design_1_keyboard_0_0]
INFO: [Vivado 12-5777] IP Instance 'design_1_keyboard_0_0' cannot be used in a module reference: 
INFO: [Vivado 12-5777] IP Instance 'design_1_keyboard_0_0' cannot be used in a module reference: 
INFO: [Vivado 12-5777] IP Instance 'design_1_keyboard_0_0' cannot be used in a module reference: 
INFO: [Vivado 12-5777] IP Instance 'design_1_keyboard_0_0' cannot be used in a module reference: 
INFO: [Vivado 12-5777] IP Instance 'design_1_keyboard_0_0' cannot be used in a module reference: 
INFO: [Vivado 12-5777] IP Instance 'design_1_keyboard_0_0' cannot be used in a module reference: 
INFO: [Vivado 12-5777] IP Instance 'design_1_keyboard_0_0' cannot be used in a module reference: 
INFO: [Vivado 12-5777] IP Instance 'design_1_keyboard_0_0' cannot be used in a module reference: 
INFO: [Vivado 12-5777] IP Instance 'design_1_keyboard_0_0' cannot be used in a module reference: 
INFO: [Vivado 12-5777] IP Instance 'design_1_keyboard_0_0' cannot be used in a module reference: 
INFO: [Vivado 12-5777] IP Instance 'design_1_keyboard_0_0' cannot be used in a module reference: 
INFO: [Vivado 12-5777] IP Instance 'design_1_keyboard_0_0' cannot be used in a module reference: 
INFO: [Vivado 12-5777] IP Instance 'design_1_keyboard_0_0' cannot be used in a module reference: 
INFO: [Vivado 12-5777] IP Instance 'design_1_keyboard_0_0' cannot be used in a module reference: 
INFO: [Vivado 12-5777] IP Instance 'design_1_keyboard_0_0' cannot be used in a module reference: 
INFO: [Vivado 12-5777] IP Instance 'design_1_keyboard_0_0' cannot be used in a module reference: 
INFO: [Vivado 12-5777] IP Instance 'design_1_keyboard_0_0' cannot be used in a module reference: 
INFO: [Vivado 12-5777] IP Instance 'design_1_keyboard_0_0' cannot be used in a module reference: 
INFO: [Vivado 12-5777] IP Instance 'design_1_keyboard_0_0' cannot be used in a module reference: 
INFO: [Vivado 12-5777] IP Instance 'design_1_keyboard_0_0' cannot be used in a module reference: 
INFO: [Vivado 12-5777] IP Instance 'design_1_keyboard_0_0' cannot be used in a module reference: 
INFO: [Vivado 12-5777] IP Instance 'design_1_keyboard_0_0' cannot be used in a module reference: 
INFO: [Vivado 12-5777] IP Instance 'design_1_keyboard_0_0' cannot be used in a module reference: 
INFO: [Vivado 12-5777] IP Instance 'design_1_keyboard_0_0' cannot be used in a module reference: 
INFO: [Vivado 12-5777] IP Instance 'design_1_keyboard_0_0' cannot be used in a module reference: 
INFO: [Vivado 12-5777] IP Instance 'design_1_keyboard_0_0' cannot be used in a module reference: 
INFO: [Vivado 12-5777] IP Instance 'design_1_keyboard_0_0' cannot be used in a module reference: 
INFO: [Vivado 12-5777] IP Instance 'design_1_keyboard_0_0' cannot be used in a module reference: 
INFO: [Vivado 12-5777] IP Instance 'design_1_keyboard_0_0' cannot be used in a module reference: 
INFO: [Vivado 12-5777] IP Instance 'design_1_keyboard_0_0' cannot be used in a module reference: 
INFO: [Vivado 12-5777] IP Instance 'design_1_keyboard_0_0' cannot be used in a module reference: 
INFO: [Vivado 12-5777] IP Instance 'design_1_keyboard_0_0' cannot be used in a module reference: 
INFO: [Vivado 12-5777] IP Instance 'design_1_keyboard_0_0' cannot be used in a module reference: 
INFO: [Vivado 12-5777] IP Instance 'design_1_keyboard_0_0' cannot be used in a module reference: 
INFO: [Vivado 12-5777] IP Instance 'design_1_keyboard_0_0' cannot be used in a module reference: 
INFO: [Vivado 12-5777] IP Instance 'design_1_keyboard_0_0' cannot be used in a module reference: 
INFO: [Vivado 12-5777] IP Instance 'design_1_keyboard_0_0' cannot be used in a module reference: 
INFO: [Vivado 12-5777] IP Instance 'design_1_keyboard_0_0' cannot be used in a module reference: 
INFO: [Common 17-14] Message 'Vivado 12-5777' appears 100 times and further instances of the messages will be disabled. Use the Tcl command set_msg_config to change the current settings.
report_ip_status -name ip_status 
set_property USER_LOCKED 0 [get_ips design_1_manager_0_0]
set_property USER_LOCKED 0 [get_ips design_1_S_AXI_VGA_BRAM_0_0]
report_ip_status -name ip_status 
set_property LOCK_UPGRADE 1 [get_bd_cells /manager_0]
WARNING: [BD 41-2028] Locking manager to version 1.0. If the latest driver for the IP is not backwards compatible, software flow will assign a generic driver or no driver for this IP
set_property LOCK_UPGRADE 1 [get_bd_cells /S_AXI_VGA_BRAM_0]
WARNING: [BD 41-2028] Locking S_AXI_VGA_BRAM to version 1.1. If the latest driver for the IP is not backwards compatible, software flow will assign a generic driver or no driver for this IP
set_property LOCK_UPGRADE 1 [get_bd_cells /keyboard_0]
WARNING: [BD 41-2028] Locking keyboard to version 1.0. If the latest driver for the IP is not backwards compatible, software flow will assign a generic driver or no driver for this IP
report_ip_status -name ip_status 
update_ip_catalog -rebuild
INFO: [IP_Flow 19-234] Refreshing IP repositories
INFO: [IP_Flow 19-1700] Loaded user IP repository 'c:/Users/caraccmv/Desktop/EE316P6/EE316P6/IPRepo'.
set_property  ip_repo_paths  {} [current_project]
update_ip_catalog
INFO: [IP_Flow 19-234] Refreshing IP repositories
INFO: [IP_Flow 19-1704] No user IP repositories specified
set_property  ip_repo_paths  C:/Users/caraccmv/Desktop/EE316P6/EE316P6/IPRepo [current_project]
update_ip_catalog
INFO: [IP_Flow 19-234] Refreshing IP repositories
INFO: [IP_Flow 19-1700] Loaded user IP repository 'c:/Users/caraccmv/Desktop/EE316P6/EE316P6/IPRepo'.
update_ip_catalog -rebuild
INFO: [IP_Flow 19-234] Refreshing IP repositories
INFO: [IP_Flow 19-1700] Loaded user IP repository 'c:/Users/caraccmv/Desktop/EE316P6/EE316P6/IPRepo'.
report_ip_status -name ip_status 
report_ip_status -name ip_status 
delete_bd_objs [get_bd_intf_nets manager_0_M00_AXI] [get_bd_nets keyboard_0_IRQ_O] [get_bd_cells manager_0]
exit
INFO: [Common 17-206] Exiting Vivado at Mon Apr 25 14:09:42 2022...
